# JRE version: OpenJDK Runtime Environment (11.0.10) (build 11.0.10+0-b96-7249189)
# Java VM: OpenJDK 64-Bit Server VM (11.0.10+0-b96-7249189, mixed mode, tiered, compressed oops, g1 gc, linux-amd64)
Heap:
 garbage-first heap   total 394240K, used 238471K [0x00000000a0000000, 0x0000000100000000)
  region size 1024K, 56 young (57344K), 12 survivors (12288K)
 Metaspace       used 106838K, capacity 111457K, committed 111744K, reserved 1146880K
  class space    used 13445K, capacity 14892K, committed 14976K, reserved 1048576K
GC Heap History (20 events):
Event: 23.318 GC heap before
{Heap before GC invocations=50 (full 0):
 garbage-first heap   total 381952K, used 246008K [0x00000000a0000000, 0x0000000100000000)
  region size 1024K, 21 young (21504K), 4 survivors (4096K)
 Metaspace       used 90788K, capacity 94330K, committed 94592K, reserved 1130496K
  class space    used 11796K, capacity 12872K, committed 12928K, reserved 1048576K
}
Event: 23.324 GC heap after
{Heap after GC invocations=51 (full 0):
 garbage-first heap   total 381952K, used 127713K [0x00000000a0000000, 0x0000000100000000)
  region size 1024K, 5 young (5120K), 5 survivors (5120K)
 Metaspace       used 90788K, capacity 94330K, committed 94592K, reserved 1130496K
  class space    used 11796K, capacity 12872K, committed 12928K, reserved 1048576K
}
Event: 101.385 GC heap before
{Heap before GC invocations=52 (full 0):
 garbage-first heap   total 381952K, used 378593K [0x00000000a0000000, 0x0000000100000000)
  region size 1024K, 112 young (114688K), 5 survivors (5120K)
 Metaspace       used 94773K, capacity 98376K, committed 98560K, reserved 1134592K
  class space    used 12090K, capacity 13209K, committed 13312K, reserved 1048576K
}
Event: 101.420 GC heap after
{Heap after GC invocations=53 (full 0):
 garbage-first heap   total 394240K, used 136082K [0x00000000a0000000, 0x0000000100000000)
  region size 1024K, 13 young (13312K), 13 survivors (13312K)
 Metaspace       used 94773K, capacity 98376K, committed 98560K, reserved 1134592K
  class space    used 12090K, capacity 13209K, committed 13312K, reserved 1048576K
}
Event: 105.368 GC heap before
{Heap before GC invocations=53 (full 0):
 garbage-first heap   total 394240K, used 290706K [0x00000000a0000000, 0x0000000100000000)
  region size 1024K, 165 young (168960K), 13 survivors (13312K)
 Metaspace       used 95505K, capacity 99248K, committed 99456K, reserved 1134592K
  class space    used 12166K, capacity 13348K, committed 13440K, reserved 1048576K
}
Event: 105.397 GC heap after
{Heap after GC invocations=54 (full 0):
 garbage-first heap   total 394240K, used 149372K [0x00000000a0000000, 0x0000000100000000)
  region size 1024K, 21 young (21504K), 21 survivors (21504K)
 Metaspace       used 95505K, capacity 99248K, committed 99456K, reserved 1134592K
  class space    used 12166K, capacity 13348K, committed 13440K, reserved 1048576K
}
Event: 105.706 GC heap before
{Heap before GC invocations=54 (full 0):
 garbage-first heap   total 394240K, used 279420K [0x00000000a0000000, 0x0000000100000000)
  region size 1024K, 149 young (152576K), 21 survivors (21504K)
 Metaspace       used 95654K, capacity 99419K, committed 99712K, reserved 1136640K
  class space    used 12173K, capacity 13359K, committed 13440K, reserved 1048576K
}
Event: 105.735 GC heap after
{Heap after GC invocations=55 (full 0):
 garbage-first heap   total 394240K, used 153965K [0x00000000a0000000, 0x0000000100000000)
  region size 1024K, 5 young (5120K), 5 survivors (5120K)
 Metaspace       used 95654K, capacity 99419K, committed 99712K, reserved 1136640K
  class space    used 12173K, capacity 13359K, committed 13440K, reserved 1048576K
}
Event: 581.491 GC heap before
{Heap before GC invocations=55 (full 0):
 garbage-first heap   total 394240K, used 289133K [0x00000000a0000000, 0x0000000100000000)
  region size 1024K, 138 young (141312K), 5 survivors (5120K)
 Metaspace       used 97059K, capacity 101286K, committed 101504K, reserved 1136640K
  class space    used 12339K, capacity 13686K, committed 13696K, reserved 1048576K
}
Event: 581.578 GC heap after
{Heap after GC invocations=56 (full 0):
 garbage-first heap   total 394240K, used 162354K [0x00000000a0000000, 0x0000000100000000)
  region size 1024K, 13 young (13312K), 13 survivors (13312K)
 Metaspace       used 97059K, capacity 101286K, committed 101504K, reserved 1136640K
  class space    used 12339K, capacity 13686K, committed 13696K, reserved 1048576K
}
Event: 586.990 GC heap before
{Heap before GC invocations=56 (full 0):
 garbage-first heap   total 394240K, used 299570K [0x00000000a0000000, 0x0000000100000000)
  region size 1024K, 148 young (151552K), 13 survivors (13312K)
 Metaspace       used 106131K, capacity 110745K, committed 110976K, reserved 1144832K
  class space    used 13423K, capacity 14870K, committed 14976K, reserved 1048576K
}
Event: 587.029 GC heap after
{Heap after GC invocations=57 (full 0):
 garbage-first heap   total 394240K, used 178968K [0x00000000a0000000, 0x0000000100000000)
  region size 1024K, 17 young (17408K), 17 survivors (17408K)
 Metaspace       used 106131K, capacity 110745K, committed 110976K, reserved 1144832K
  class space    used 13423K, capacity 14870K, committed 14976K, reserved 1048576K
}
Event: 685.642 GC heap before
{Heap before GC invocations=57 (full 0):
 garbage-first heap   total 394240K, used 306968K [0x00000000a0000000, 0x0000000100000000)
  region size 1024K, 143 young (146432K), 17 survivors (17408K)
 Metaspace       used 106571K, capacity 111183K, committed 111488K, reserved 1146880K
  class space    used 13433K, capacity 14886K, committed 14976K, reserved 1048576K
}
Event: 685.667 GC heap after
{Heap after GC invocations=58 (full 0):
 garbage-first heap   total 394240K, used 180905K [0x00000000a0000000, 0x0000000100000000)
  region size 1024K, 3 young (3072K), 3 survivors (3072K)
 Metaspace       used 106571K, capacity 111183K, committed 111488K, reserved 1146880K
  class space    used 13433K, capacity 14886K, committed 14976K, reserved 1048576K
}
Event: 768.415 GC heap before
{Heap before GC invocations=58 (full 0):
 garbage-first heap   total 394240K, used 218793K [0x00000000a0000000, 0x0000000100000000)
  region size 1024K, 41 young (41984K), 3 survivors (3072K)
 Metaspace       used 106613K, capacity 111247K, committed 111488K, reserved 1146880K
  class space    used 13436K, capacity 14886K, committed 14976K, reserved 1048576K
}
Event: 768.438 GC heap after
{Heap after GC invocations=59 (full 0):
 garbage-first heap   total 394240K, used 179747K [0x00000000a0000000, 0x0000000100000000)
  region size 1024K, 2 young (2048K), 2 survivors (2048K)
 Metaspace       used 106613K, capacity 111247K, committed 111488K, reserved 1146880K
  class space    used 13436K, capacity 14886K, committed 14976K, reserved 1048576K
}
Event: 768.965 GC heap before
{Heap before GC invocations=59 (full 0):
 garbage-first heap   total 394240K, used 309795K [0x00000000a0000000, 0x0000000100000000)
  region size 1024K, 126 young (129024K), 2 survivors (2048K)
 Metaspace       used 106823K, capacity 111457K, committed 111744K, reserved 1146880K
  class space    used 13445K, capacity 14892K, committed 14976K, reserved 1048576K
}
Event: 768.986 GC heap after
{Heap after GC invocations=60 (full 0):
 garbage-first heap   total 394240K, used 189792K [0x00000000a0000000, 0x0000000100000000)
  region size 1024K, 8 young (8192K), 8 survivors (8192K)
 Metaspace       used 106823K, capacity 111457K, committed 111744K, reserved 1146880K
  class space    used 13445K, capacity 14892K, committed 14976K, reserved 1048576K
}
Event: 769.593 GC heap before
{Heap before GC invocations=60 (full 0):
 garbage-first heap   total 394240K, used 312672K [0x00000000a0000000, 0x0000000100000000)
  region size 1024K, 129 young (132096K), 8 survivors (8192K)
 Metaspace       used 106835K, capacity 111457K, committed 111744K, reserved 1146880K
  class space    used 13445K, capacity 14892K, committed 14976K, reserved 1048576K
}
Event: 769.604 GC heap after
{Heap after GC invocations=61 (full 0):
 garbage-first heap   total 394240K, used 194439K [0x00000000a0000000, 0x0000000100000000)
  region size 1024K, 12 young (12288K), 12 survivors (12288K)
 Metaspace       used 106835K, capacity 111457K, committed 111744K, reserved 1146880K
  class space    used 13445K, capacity 14892K, committed 14976K, reserved 1048576K
}

